<?xml version="1.0" encoding="utf-8"?><testsuites name="pytest tests"><testsuite name="pytest" errors="0" failures="0" skipped="0" tests="29" time="1.933" timestamp="2026-02-08T19:56:43.456985+02:00" hostname="THKLAP15"><testcase classname="tests.test_android_change_import" name="test_android_change_import" time="0.128" /><testcase classname="tests.test_append_change_log_notice" name="test_append_change_log_adds_notice" time="0.020" /><testcase classname="tests.test_apply_change_log_desktop_more" name="test_ignores_unknown_columns" time="0.024" /><testcase classname="tests.test_apply_change_log_desktop_more" name="test_missing_table_line_is_ignored_and_others_apply" time="0.027" /><testcase classname="tests.test_apply_change_log_desktop_more" name="test_maintenance_inserts_and_updates" time="0.026" /><testcase classname="tests.test_apply_change_log_integration" name="test_apply_change_log_maintenance_inserts" time="0.042" /><testcase classname="tests.test_change_log_file_created" name="test_ensure_change_log_path_creates_file" time="0.002" /><testcase classname="tests.test_change_log_write" name="test_append_change_log_writes_file" time="0.026" /><testcase classname="tests.test_content_uri_flow" name="test_copy_success" time="0.001" /><testcase classname="tests.test_content_uri_flow" name="test_copy_failure" time="0.001" /><testcase classname="tests.test_copy_content_uri_no_jnius" name="test_copy_content_uri_raises_when_no_jnius" time="0.002" /><testcase classname="tests.test_csv_roundtrip" name="test_csv_export_import_roundtrip" time="0.030" /><testcase classname="tests.test_elements_xlsx_validation" name="test_elements_xlsx_version_mismatch" time="0.001" /><testcase classname="tests.test_import_elements_csv_validation" name="test_elements_csv_template_version_mismatch" time="0.003" /><testcase classname="tests.test_import_substations_csv" name="test_import_substations_from_csv_roundtrip" time="0.003" /><testcase classname="tests.test_importer_edgecases" name="test_apply_change_log_inserts_with_unknown_fields" time="0.038" /><testcase classname="tests.test_importer_edgecases" name="test_maintenance_with_elements_creates_links" time="0.045" /><testcase classname="tests.test_importer_more_edgecases" name="test_import_elements_csv_missing_required_columns" time="0.001" /><testcase classname="tests.test_importer_more_edgecases" name="test_import_elements_csv_model_mapping" time="0.001" /><testcase classname="tests.test_local_insert_validation" name="test_local_insert_filters_extra_columns" time="0.014" /><testcase classname="tests.test_maintenance_layout" name="test_maintenance_comments_in_fixed_container" time="0.001" /><testcase classname="tests.test_open_change_log_folder_fallback" name="test_open_change_log_folder_fallback_copies_path" time="0.008" /><testcase classname="tests.test_pdf_report_smoke" name="test_generate_maintenance_report_smoke" time="0.108" /><testcase classname="tests.test_share_intent" name="test_launch_share_intent_uses_fileprovider" time="0.004" /><testcase classname="tests.test_share_intent" name="test_launch_share_intent_fallback_to_clipboard" time="0.003" /><testcase classname="tests.test_share_intent_clipdata_fallback" name="test_share_uses_fallback_when_clipdata_missing" time="0.003" /><testcase classname="tests.test_share_intent_edge" name="test_launch_share_intent_requires_path" time="0.000" /><testcase classname="tests.test_show_change_log_menu" name="test_show_change_log_menu_popup" time="0.005" /><testcase classname="tests.test_ui_button_visibility" name="test_root_buttons_visible_and_hidden" time="0.001" /></testsuite></testsuites>